<?xml version="1.0" encoding="UTF-8"?>
<!-- Generated by org.testng.reporters.JUnitReportReporter -->
<testsuite hostname="Ranjeet" failures="0" tests="1" name="AdvancePackage.test1" time="15.727" errors="0" timestamp="2024-03-22T18:09:43 IST" skipped="0">
  <testcase classname="AdvancePackage.test1" name="CreateOrgTest" time="15.727"/>
  <system-out/>
</testsuite> <!-- AdvancePackage.test1 -->
